2026-03-16 15:02:19|processed|ORU^R01|LA061262 LATAY, ANTONIO|26006258|1|File: 20260316_131320_20260316_103847_HL7WNFS_00046202.hl7|Saved 1 ResultValue(s)
2026-03-16 15:02:19|quarantined|ORU^R01|LA061262 LATAY, ANTONIO|26006258|0|File: 20260316_131320_20260316_124947_HL7WNFS_00046253.hl7|OBR-4 'BUNPRE' unmapped — no TenantTestMap entry. Add mapping before reprocessing.
2026-03-16 15:02:19|error|ORU^R01|MC122068 MANIMTIM, CECILIA|26006460|0|File: 20260316_131320_20260316_130619_HL7WNFS_00046813.hl7|Saved 0 ResultValue(s), quarantined 13 unmapped analyte(s)
2026-03-16 15:02:19|error|ORU^R01|OM071856 OPULENCIA, MARCELINO|26006459|0|File: HL7WNFS_00046812.hl7|Saved 0 ResultValue(s), quarantined 13 unmapped analyte(s)
2026-03-16 15:02:19|duplicate|ORU^R01|MC122068|26006460|0|File: HL7WNFS_00046813.hl7|MSH-10 'HCL00006820971' already processed — §2.1 UNIQUE constraint.
2026-03-16 15:02:19|error|ORU^R01|AP051978 ALVAREZ, PEDRO|26006461|0|File: HL7WNFS_00046814.hl7|Saved 0 ResultValue(s), quarantined 13 unmapped analyte(s)
2026-03-16 15:02:19|error|ORU^R01|ZM031054 ZARRAGA, MELITON|26006462|0|File: HL7WNFS_00046815.hl7|Saved 0 ResultValue(s), quarantined 13 unmapped analyte(s)
2026-03-16 15:02:19|error|ORU^R01|SJ101263 SANDOVAL, JOSELITO|26006463|0|File: HL7WNFS_00046816.hl7|Saved 0 ResultValue(s), quarantined 13 unmapped analyte(s)
2026-03-16 15:02:19|error|ORU^R01|FM030589 FELOMINO, MARY ANN|26006464|0|File: HL7WNFS_00046817.hl7|Saved 0 ResultValue(s), quarantined 13 unmapped analyte(s)
2026-03-16 15:02:19|error|ORU^R01|MC032786 MALAPAO, CATHERINE|26006465|0|File: HL7WNFS_00046818.hl7|Saved 0 ResultValue(s), quarantined 13 unmapped analyte(s)
2026-03-16 15:20:14|processed|ORU^R01|LA061262 LATAY, ANTONIO|26006258|1|File: 20260316_131320_20260316_103847_HL7WNFS_00046202.hl7|Saved 1 ResultValue(s)
2026-03-16 15:20:14|processed|ORU^R01|LA061262 LATAY, ANTONIO|26006258|32|File: 20260316_131320_20260316_124947_HL7WNFS_00046253.hl7|Saved 32 ResultValue(s)
2026-03-16 15:20:14|processed|ORU^R01|MC122068 MANIMTIM, CECILIA|26006460|13|File: 20260316_131320_20260316_130619_HL7WNFS_00046813.hl7|Saved 13 ResultValue(s)
2026-03-16 15:20:14|processed|ORU^R01|OM071856 OPULENCIA, MARCELINO|26006459|13|File: HL7WNFS_00046812.hl7|Saved 13 ResultValue(s)
2026-03-16 15:20:14|duplicate|ORU^R01|MC122068|26006460|0|File: HL7WNFS_00046813.hl7|MSH-10 'HCL00006820971' already processed — §2.1 UNIQUE constraint.
2026-03-16 15:20:14|processed|ORU^R01|AP051978 ALVAREZ, PEDRO|26006461|13|File: HL7WNFS_00046814.hl7|Saved 13 ResultValue(s)
2026-03-16 15:20:15|processed|ORU^R01|ZM031054 ZARRAGA, MELITON|26006462|13|File: HL7WNFS_00046815.hl7|Saved 13 ResultValue(s)
2026-03-16 15:20:15|processed|ORU^R01|SJ101263 SANDOVAL, JOSELITO|26006463|13|File: HL7WNFS_00046816.hl7|Saved 13 ResultValue(s)
2026-03-16 15:20:15|processed|ORU^R01|FM030589 FELOMINO, MARY ANN|26006464|13|File: HL7WNFS_00046817.hl7|Saved 13 ResultValue(s)
2026-03-16 15:20:15|processed|ORU^R01|MC032786 MALAPAO, CATHERINE|26006465|13|File: HL7WNFS_00046818.hl7|Saved 13 ResultValue(s)
2026-03-16 15:27:15|processed|ORU^R01|CG00001 GALLARDO, CORNELIO|CGACC001|13|File: HL7WNFS_CG001_CBC.hl7|Saved 13 ResultValue(s)
2026-03-16 15:27:15|processed|ORU^R01|CG00001 GALLARDO, CORNELIO|CGACC002|13|File: HL7WNFS_CG002_CBC.hl7|Saved 13 ResultValue(s)
2026-03-16 15:27:45|processed|ORU^R01|CG00001 GALLARDO, CORNELIO|CGACC003|13|File: HL7WNFS_CG003_CBC.hl7|Saved 13 ResultValue(s)
